<?xml version="1.0" encoding="UTF-8"?>
<testsuite name="com.ithub.ru.kt1.ControllerTest" tests="5" skipped="0" failures="0" errors="0" timestamp="2024-11-28T20:15:24" hostname="RATMIRS-LAPTOP" time="0.391">
  <properties/>
  <testcase name="[1] id=1" classname="com.ithub.ru.kt1.ControllerTest" time="0.238"/>
  <testcase name="[2] id=2" classname="com.ithub.ru.kt1.ControllerTest" time="0.009"/>
  <testcase name="shouldReturnAllOrders()" classname="com.ithub.ru.kt1.ControllerTest" time="0.068"/>
  <testcase name="[1] id=1" classname="com.ithub.ru.kt1.ControllerTest" time="0.049"/>
  <testcase name="[2] id=2" classname="com.ithub.ru.kt1.ControllerTest" time="0.009"/>
  <system-out><![CDATA[23:15:20.751 [Test worker] INFO org.springframework.test.context.support.AnnotationConfigContextLoaderUtils -- Could not detect default configuration classes for test class [com.ithub.ru.kt1.ControllerTest]: ControllerTest does not declare any static, non-private, non-final, nested classes annotated with @Configuration.
23:15:20.934 [Test worker] INFO org.springframework.boot.test.context.SpringBootTestContextBootstrapper -- Found @SpringBootConfiguration com.ithub.ru.kt1.Kt1Application for test class com.ithub.ru.kt1.ControllerTest
  .   ____          _            __ _ _
 /\\ / ___'_ __ _ _(_)_ __  __ _ \ \ \ \
( ( )\___ | '_ | '_| | '_ \/ _` | \ \ \ \
 \\/  ___)| |_)| | | | | || (_| |  ) ) ) )
  '  |____| .__|_| |_|_| |_\__, | / / / /
 =========|_|==============|___/=/_/_/_/

 :: Spring Boot ::                (v3.3.0)

2024-11-28T23:15:21.529+03:00  INFO 19628 --- [kt1] [    Test worker] com.ithub.ru.kt1.ControllerTest          : Starting ControllerTest using Java 17.0.13 with PID 19628 (started by firstlord in C:\codes\Java\4 Курс\kt1)
2024-11-28T23:15:21.531+03:00  INFO 19628 --- [kt1] [    Test worker] com.ithub.ru.kt1.ControllerTest          : No active profile set, falling back to 1 default profile: "default"
2024-11-28T23:15:24.797+03:00  INFO 19628 --- [kt1] [    Test worker] o.s.b.t.m.w.SpringBootMockServletContext : Initializing Spring TestDispatcherServlet ''
2024-11-28T23:15:24.798+03:00  INFO 19628 --- [kt1] [    Test worker] o.s.t.web.servlet.TestDispatcherServlet  : Initializing Servlet ''
2024-11-28T23:15:24.804+03:00  INFO 19628 --- [kt1] [    Test worker] o.s.t.web.servlet.TestDispatcherServlet  : Completed initialization in 3 ms
2024-11-28T23:15:24.868+03:00  INFO 19628 --- [kt1] [    Test worker] com.ithub.ru.kt1.ControllerTest          : Started ControllerTest in 3.793 seconds (process running for 5.283)
]]></system-out>
  <system-err><![CDATA[]]></system-err>
</testsuite>
